<beans:beans xmlns="http://www.springframework.org/schema/security"
             xmlns:beans="http://www.springframework.org/schema/beans"
             xmlns:xsi="http://www.w3.org/2001/XMLSchema-instance"
             xsi:schemaLocation="http://www.springframework.org/schema/beans http://www.springframework.org/schema/beans/spring-beans-3.0.xsd
            http://www.springframework.org/schema/security http://www.springframework.org/schema/security/spring-security.xsd">


    <http auto-config="true" use-expressions="true"  create-session="always" realm="cirtaflow_security_realm">
        <form-login
                    login-page="/login"
                    default-target-url="/index"
                    login-processing-url="/index"
                    authentication-failure-url="/login?error=1"

        />


        <intercept-url pattern=                      "/"     access="permitAll()"  requires-channel="any"    />
        <intercept-url pattern=                 "/login"     access="permitAll()"  requires-channel="any"    />
        <intercept-url pattern=         "/template/login.html"     access="permitAll()"  requires-channel="any"    />
        <intercept-url pattern=                 "/index"     access="hasRole('ROLE_ADMIN')" requires-channel="any"  />
        <intercept-url pattern=         "/template/index.html"     access="hasRole('ROLE_ADMIN')" requires-channel="any"  />

        <intercept-url pattern=         "/facebook/**"     access="permitAll()" requires-channel="any"  />

        <intercept-url pattern=            "/template/css/**"     access="permitAll()"      />
        <intercept-url pattern=            "/template/img/**"     access="permitAll()"      />
        <intercept-url pattern=             "/template/js/**"     access="permitAll()"      />
        <intercept-url pattern=                "/template/**"     access="hasRole('USER')" requires-channel="any"   />

        <csrf disabled="false" />

        <custom-filter ref="customUsernamePasswordAuthFilter"  after="FORM_LOGIN_FILTER" />
        <x509 subject-principal-regex="CN=(.*?)," />
    </http>

    <authentication-manager id="defaultAuthenticationManager">
        <authentication-provider>
            <user-service id="inMemoryUserDetailsService">
                <user name="mechel178" password="063639118" authorities="ROLE_ADMIN" />
            </user-service>
        </authentication-provider>
    </authentication-manager>

    <beans:bean id="basicAuthenticationFilter" class="org.springframework.security.web.authentication.www.BasicAuthenticationFilter">
        <beans:constructor-arg index="0" ref="defaultAuthenticationManager"  />
        <beans:constructor-arg index="1" ref="basicAuthenticationEntryPoint" />
    </beans:bean>

    <beans:bean id="basicAuthenticationEntryPoint" class="org.springframework.security.web.authentication.www.BasicAuthenticationEntryPoint" >
        <beans:property name="realmName" value="cirtaflow_security_realm" />
    </beans:bean>

    <global-method-security secured-annotations="enabled" />

    <beans:bean id="customUsernamePasswordAuthFilter" class="dz.cirtaflow.web.security.AuthenticationFilter" >
        <beans:property name="allowSessionCreation" value="true" />
        <beans:property name="authenticationManager" ref="defaultAuthenticationManager" />
        <beans:property name="usernameParameter" value="username" />
        <beans:property name="passwordParameter" value="password" />
        <beans:property name="servletContext" ref="servletContext" />
    </beans:bean>

</beans:beans>